* using log directory 'D:/R/reverse-ecology/RevEcoR/..Rcheck'
* using R version 3.1.1 (2014-07-10)
* using platform: i386-w64-mingw32 (32-bit)
* using session charset: CP936
* checking for file './DESCRIPTION' ... OK
* checking extension type ... Package
* this is package 'RevEcoR' version '0.99.0'
* checking package namespace information ... OK
* checking package dependencies ... OK
* checking if this is a source package ... OK
* checking if there is a namespace ... OK
* checking for executable files ... WARNING
Found the following executable files:
  .git/objects/00/0aa9637b7264fba75001a35130b57d1e7dc6e0
  .git/objects/00/7de014df3d614f7a70d462b7a104c491a3739c
  .git/objects/00/a34a8d3754db626c458f9051469f1718dba956
  .git/objects/01/c9067d7decf166fe286a1ef3cefd022569a415
  .git/objects/01/e26bca01f3ac87bfa9108461dad546bf3923bc
  .git/objects/04/00135b43a8cd92a23e4f6700f6aee81b8f105e
  .git/objects/06/896c63af76818ffcbeedeecd613098d1fb7e1d
  .git/objects/07/e3bf5c07a0babda70399606bf48252dd031838
  .git/objects/0c/5039bf72eddcb9c91ac76943b4eeb169b03d05
  .git/objects/0c/6434fbc35b8affd8d0ed06ca370614a1a7808a
  .git/objects/0e/291ee7e3c117c9bc93b8b196ee9930913adbb8
  .git/objects/10/208221c0fc3aa30d9db4c2887f124c52f5a8e0
  .git/objects/11/ff367b929c0aeb33ceb7f1729e57e5cc697dcd
  .git/objects/12/74d00f2d758acd62891284f8099cffa34b6be0
  .git/objects/13/003d24dcc6f01f4b78ab3abec75cf7734a9415
  .git/objects/13/1541cda7e706d0c8212a20417991cea07c2da4
  .git/objects/13/8582001041b0eacb1659ed4aa462c6e35bb410
  .git/objects/13/8dfb8796254285bc3007c58626ba758111a69c
  .git/objects/16/37847bddb74183ae78f21cee288df1a8a6cbdd
  .git/objects/17/7c544ac94d7bf77abb2f5d83b4e9fc3be612b6
  .git/objects/19/8c23a0d45af9df90a3050544d00d78f518ff40
  .git/objects/1a/c482c2cfa7edd98c51dcea86ba94ceb1a441c2
  .git/objects/1c/1cd2351b58338b9eb103fa9c9900f193006203
  .git/objects/1d/aeedd6c3545ad40b38ff9e2d6cf6efaca3237d
  .git/objects/1f/306585ea73fbc847d4c824381b7ddf7b7429ff
  .git/objects/20/c4fbcd91f7e0b43d7e504fcdd72ce308ee05e6
  .git/objects/21/a240ccf9732daea4c3483484c14ae10bff7e81
  .git/objects/21/a4da087e1c026c953a49de88caea1247cd1f1b
  .git/objects/25/8a058250b58c05cfc0b654ed7fdb2242cf24e9
  .git/objects/26/53fe1abdb1cba8e47b23b304c52812c8233f46
  .git/objects/27/006fe4660a50ea492e95cd5c6f11a0f984d204
  .git/objects/28/573172dda6fa135553bf88f8d49d0cb74a41e2
  .git/objects/2e/382894e33961965f44b6b5659330d89ce21129
  .git/objects/2f/bfd55cf48c0cbcb94458033bd9461de8e64ef3
  .git/objects/30/40275879d97a269a7cd6c08502a3a47f1e55f8
  .git/objects/31/b595f8c44173ae491ecc7fad3c7a46bfb8945c
  .git/objects/31/e745b99de98246c818501b10d87d1216c43ed1
  .git/objects/32/48046b8d658681f547a988aa85fb1e9f75b1f1
  .git/objects/3c/1007e1cf62dff672c5636e57984e5a33240506
  .git/objects/3c/b1e3a05bd06c217544ee20489d28070fc13e11
  .git/objects/3c/f8d39c7c279f635bd0e10b65777d8616bbacc9
  .git/objects/3f/9e1a6404739eeab8a1f741a8df6161ac1a9b08
  .git/objects/42/7dcb93c5ac4207458ca35f2592426bdab503d0
  .git/objects/42/8eb58a757eaacf374325f5aafd01f63b9062c1
  .git/objects/43/e380a3b74b95a27641c41b82323a88c50c3208
  .git/objects/44/34527cee1537cb20b908f9d0c21a6123486d48
  .git/objects/44/e000ed21631fa4a87b5556f7bc4c84a8ce443e
  .git/objects/45/a93730fe625a1278ae3c4f52300c85935b3848
  .git/objects/46/7157a793afaf044e1d57d25e5125b1ac705ebb
  .git/objects/47/59f69af37f61958533a20973d60d973deee326
  .git/objects/47/e925e13068463441901897f6ce1558c3eca48a
  .git/objects/4b/561e2447dde614db8975f816583badc020b444
  .git/objects/4d/157f93f8de7b326f2a3a2db72d3057fc09976d
  .git/objects/52/41ee7b0ed360058e85e063c8bf3d9b83ea590e
  .git/objects/52/6fb999e8a07ac79e05a419bc5d14c9531255ef
  .git/objects/54/875f85e8b538194d279124653571844fcb8750
  .git/objects/57/192d85e7d30a08893237ef1b9f83b492bfc901
  .git/objects/5a/041616f7f4a1349f3d608161a32fb702913d60
  .git/objects/5c/47ff877698c6e1b7c54ea1362d008c12ac6bac
  .git/objects/5d/5a8e024ac5fb7a738dc70a52eff281a4c6b333
  .git/objects/5e/5be8911780a611d6cfff919d0efa15f15226aa
  .git/objects/5e/eefdca8959089065b8781534b3b5d471fe0103
  .git/objects/5f/58d359f58898aa6f002cbe3c7adf99c7703962
  .git/objects/60/9974a46e9fe84d7860a0c88d2807193aee2b7e
  .git/objects/60/d5aa81e790fd72a49ff701b4c756bf35047c08
  .git/objects/61/3ebf3e9c555d38c81b2b88cef9fc9bb83283b7
  .git/objects/65/2101a6dc9b0a2e8cf76088373cfee671b09df4
  .git/objects/66/603bf8632a7ce95222cd2f8d9ed222ef42b7a1
  .git/objects/67/f35c83b9057199bee1cf75bc9ee96ef3859e5e
  .git/objects/69/2e6f20c085afe865cfc924f0562cccdd654a61
  .git/objects/69/2ec6662e09cd47fea344d200e94cd401537e00
  .git/objects/69/4c975c4053f0a31baa085598401f3c11033ffb
  .git/objects/71/01c72b0d6637fdfef84dfc843d2b09bc85c0d7
  .git/objects/73/204be64e06f0c509938275583a45db2097519c
  .git/objects/76/4b26ecad3a3d53f8bf427992674df43b99391a
  .git/objects/79/17687d084426d4a1993cbd05373055f352f213
  .git/objects/79/92c08a7345128957eebf63dcdd47bcfd242d65
  .git/objects/7b/4e4745b577659823626e987015d60f94ace785
  .git/objects/7e/1e40515feb765f4daab256b919569b7067c243
  .git/objects/80/7ea251739a053faee6d72fe9dc3ae80d80cc15
  .git/objects/80/db85de6607832e0c339c927dc24fd9046377ac
  .git/objects/81/1584e869f5ba72217215ccede628ab8a649572
  .git/objects/82/2793c92e22081bca111aa1a2ddf67f4a0eae66
  .git/objects/86/d6b3eb0d03dcd87060716569012c758f574ead
  .git/objects/88/0b5262c73fd94961080fb4523fe61991f64516
  .git/objects/89/4e7eb0a6ec20ac655df2767d2a4b0c3adad9c5
  .git/objects/89/7ac2e99d3e7239b9531855febd1833bf58f87f
  .git/objects/8d/dc3b9d6151f07143189cfb5b4a44b11e648b76
  .git/objects/8f/11589a9298365f5962ec0e2f36a07b2b28f548
  .git/objects/91/8d45722eb5e4ab15a27ac73f4bc5f32355c5dd
  .git/objects/91/c9342d3ef172e374b71b334b9968036a2e7327
  .git/objects/92/d6de75119914be09494938b03add22a98a8ff1
  .git/objects/93/bea7cb6db15fb782c0b669fb8179a11d741613
  .git/objects/94/19de05d4c6e1b696faee1e339649d41fc0b7dd
  .git/objects/95/15194874e5ee644209c4896c67b1cdb4ee15ac
  .git/objects/95/2fcdc47331d1b35134c667db458fc14130e744
  .git/objects/96/e2c8ed4ff3a93483ff976f79d8bd976f8424df
  .git/objects/99/73e891bd3157ae63779dac2b5283e29733b1fa
  .git/objects/99/be2dd4c2fe7256cfb646840aab0a9875afbcec
  .git/objects/9a/f3e55357a54b0926810669ebf7e12f4f2abe96
  .git/objects/9e/1141680a8639645b1b1c32c1b99a84ccbfdb03
  .git/objects/9f/2df618dd9cd706cf88059a34e28cb906c44a09
  .git/objects/a1/118175942a3fe462caf019e6f11893081798d4
  .git/objects/a2/34db7bb8c8b6f621636f02da9819058fa1c64e
  .git/objects/a3/17d05530478d9dcad618cabffe09b592cc87ed
  .git/objects/a3/5ca276fc1f67167d25a795f58e17955a2e3608
  .git/objects/a8/0e622e1dc3d06d1d88432ac33c71475165ffd1
  .git/objects/a9/468fc6b6e096b53f1477dea85818ee22bf65d5
  .git/objects/ab/4e3059ecc1813bcecb5a9088b755a0456476dd
  .git/objects/ab/ca61e5986a897744058348b99e679fce212161
  .git/objects/b4/56f6edf51631ebedc6120062a7048f55ec6794
  .git/objects/b6/ce5611b38e71dc2193ff7717a53aa173a88032
  .git/objects/b6/d8f807535e987f96f63ef307b1e4b184342158
  .git/objects/b7/ae6813f122eef6312f657c064bf315821dea81
  .git/objects/b7/fdab36d9e7243cc154b2b7aebdfee90ab4c477
  .git/objects/b8/073ada0d6a5eddf0bf10780db3c97cd954a646
  .git/objects/b9/01357de375ec184925b72ee7e5ca4d8159fc29
  .git/objects/b9/a44c61b2e7dbb7450222eb6a77e2da9156808b
  .git/objects/b9/dac0dbe6e51fa247d5bf33c74db339c1d1fe4c
  .git/objects/b9/e13893743c9a85f439fedd81f299b4aad72abe
  .git/objects/bc/772b83ca368770577a7fc19487175fdd4b4a8c
  .git/objects/bf/79c2cfe207002a73a4735e043527971c19a23c
  .git/objects/c4/398b0c1deeefdc29d0ec992708c190bb527523
  .git/objects/c5/01bdcfd053bbdad2b2c9d4b27a6256a9fb9f05
  .git/objects/c5/a1500f1f4e71a8c78d7e110c5980df5338d339
  .git/objects/c6/994af9c29b558f35b9755015c36f8310cf72f0
  .git/objects/c7/260743749d8958d4b167f6298a1a81cab1bafc
  .git/objects/c8/d2f0af27f412c984737dff634835894d611817
  .git/objects/cc/c428fb2ace1214a93a4c60171d4d2b6e4d5926
  .git/objects/cc/e9f0b5c82dbdd2a6a5cbed2d05612ec082025b
  .git/objects/ce/c6d6b09c6f52595419dee1565eb27c8e79f6eb
  .git/objects/cf/a1fd9cfd36309a7ba2954a08942055381630a1
  .git/objects/d1/1abb52f4fd7c6637a8f793c1357e39a4db1565
  .git/objects/d2/5dff4f9deb49abed9928eef53d029f68dcd540
  .git/objects/d2/c1af63e53c6711f1f08cf35edb23cfa805cb09
  .git/objects/d3/9ffaa420548be18a99fd3f21510c1176749fe9
  .git/objects/d4/4df2d55f89dc1307171238e2ab5b1183268767
  .git/objects/d6/95728cdfd2792ed29304c9f709f58825091806
  .git/objects/d7/6de7469c3ffdf7267401f98cb0c78bda66c5ce
  .git/objects/d7/ae6deead2582ddda2809f6eec46d82dcfa470f
  .git/objects/d8/f308d23414ed5e28c0dbebb1ae954be24219e6
  .git/objects/da/ac28fb3b89e3833fbfb8e02a0e383eaac1a8d7
  .git/objects/da/f93cf76347b4c5c84bc2e80ffc8aa79094d7de
  .git/objects/dc/331300b6adf5703e8d1d8177aec4e863286295
  .git/objects/df/249f0e687750e6eaab2842b9b7d7a75c0eb5c6
  .git/objects/df/57378eae192fa14a4636dcae61e2136e086e57
  .git/objects/df/e53aaca238f4513f1fbc901cfb7833b16303c1
  .git/objects/e0/1edda2a384b7dcc119afea66c4153468a4b2a3
  .git/objects/e0/4372c2dc60c43719345c65999b9612826a4923
  .git/objects/e0/87317e3c218849fda8d0a59855896d57e20a9f
  .git/objects/e3/06295d4139e8bb3a6f88619897c52ae97c7ba6
  .git/objects/e4/9748d6d46580610e6afbb8d8026aa02b344f49
  .git/objects/e5/26c5ced3b588ce8617193b867eeb45b6733b15
  .git/objects/e7/ba522fd84bdb8500700f78f9ba523f7682bb0f
  .git/objects/ed/5186d276978cbb333252b166d1f279915dc4ea
  .git/objects/ee/ba4e7a732245c5e0b6bf7c9884f9af022eaf42
  .git/objects/ee/f79e417d3b9363f38840e18c3688e829d09e83
  .git/objects/ef/b0bb2f30f96bb8e046f4802d7345a6716698ec
  .git/objects/f2/04aa8e6409b8868db6b4b7c91fe233096ea48b
  .git/objects/f3/9cd64847cd3fef4ba77d76a41673f5b8b6c617
  .git/objects/f4/2e37b15802c757b83ce8653a6dfe538f725bcb
  .git/objects/f4/94ffad4b38fb8dc0eb29ce53e1bd2934a2051e
  .git/objects/f5/1e30034655f5eb91df116e1a126162ea20262d
  .git/objects/f6/1dcced4ee1f743dc16b6721015d962b54704ba
  .git/objects/f6/759de0ec09d4ea9f97f35c1486f4bfabe8a2e0
  .git/objects/f6/c03ec1977e732049757ef675a47b500a7ce1ab
  .git/objects/f7/11ce703832e7796d813edcf3b12e29a45d549e
  .git/objects/f7/15ea0da51a75190442635b498a65927865417d
  .git/objects/f7/2da2139504fb5c4f82eb8b5fae73f3532ccb8e
  .git/objects/f8/a57b0185414fe92f61a3b13400a6202fc39790
  .git/objects/fb/39c21a857428617df3d5fbee6f9c8ad0ccb64f
  .git/objects/fc/ff43a2db5094656e8fcdc8a82af7f556a97dad
  .git/objects/ff/263a151883bfeead72cad5b0d898d688dced58
Source packages should not contain undeclared executable files.
See section 'Package structure' in the 'Writing R Extensions' manual.
* checking for hidden files and directories ... NOTE
Found the following hidden files and directories:
  .RData
  .Rhistory
  .gitignore
  ..Rcheck
  .Rproj.user
  .git
These were most likely included in error. See section 'Package
structure' in the 'Writing R Extensions' manual.
* checking for portable file names ... OK
* checking whether package 'RevEcoR' can be installed ... OK
* checking installed package size ... OK
* checking package directory ... OK
* checking DESCRIPTION meta-information ... OK
* checking top-level files ... OK
* checking for left-over files ... OK
* checking index information ... OK
* checking package subdirectories ... WARNING
Found the following directory with the name of a check directory:
  ./..Rcheck
Most likely, these were included erroneously.
* checking R files for non-ASCII characters ... OK
* checking R files for syntax errors ... OK
* checking whether the package can be loaded ... ERROR
Loading this package had a fatal error status code 1
Loading log:
Error in loadNamespace(j <- i[[1L]], c(lib.loc, .libPaths()), versionCheck = vI[[j]]) : 
  不存在叫'Biobase'这个名字的程辑包
错误: 'RevEcoR'程辑包或名字空间载入失败，
停止执行
